01:05:47 T:204679757   DEBUG: DllBcm: Using omx system library
01:05:47 T:204680958   DEBUG: DllOMX: Using omx system library
01:05:47 T:204681656   DEBUG: DllAvFormat: Using libavformat system library
01:05:47 T:204684366   DEBUG: DBus connection succeeded
01:05:47 T:204685732   DEBUG: Keyboard: DBus connection succeeded
01:05:47 T:204685946   DEBUG: OMXThread::Create - Thread with id 1897919520 started
01:05:47 T:204686039   DEBUG: DllAvUtilBase: Using libavutil system library
01:05:47 T:204686068   DEBUG: DllAvCodec: Using libavcodec system library
01:05:47 T:204686116   DEBUG: DllAvFormat: Using libavformat system library
01:05:47 T:204951202   DEBUG: COMXCoreComponent::Initialize OMX.broadcom.clock input port 80 output port 81 m_handle 0x17e41c0
01:05:47 T:204951504   DEBUG: OMXClock::OMXStop
01:05:47 T:204951615   DEBUG: OMXClock::OMXSetSpeed(0.00) pause_resume:1
01:05:47 T:204951811   DEBUG: DllAvUtilBase: Using libavutil system library
01:05:47 T:204951839   DEBUG: DllAvCodec: Using libavcodec system library
01:05:47 T:204951865   DEBUG: DllAvFormat: Using libavformat system library
01:05:47 T:204953275   DEBUG: COMXCoreComponent::Initialize OMX.broadcom.video_decode input port 130 output port 131 m_handle 0x17b16b0
01:05:47 T:204954023   DEBUG: COMXCoreComponent::AllocInputBuffers component(OMX.broadcom.video_decode) - port(130), nBufferCountMin(1), nBufferCountActual(60), nBufferSize(81920), nBufferAlignmen(16)
01:05:47 T:204954313   ERROR: COMXCoreComponent::AllocInputBuffers component(OMX.broadcom.video_decode) - OMX_UseBuffer failed with omx_err(0x80001000)
01:05:47 T:204954346   ERROR: COMXVideo::Open AllocOMXInputBuffers error (080001000)
01:05:48 T:205954936   ERROR: COMXCoreComponent::WaitForInputDone OMX.broadcom.video_decode wait event timeout
01:05:48 T:205955492   DEBUG: COMXCoreComponent::Deinitialize : OMX.broadcom.video_decode handle 0x17b16b0
01:05:48 T:205955711   DEBUG: OMXClock::OMXStop
01:05:48 T:205971111   DEBUG: OMXThread::Run - Exited thread with  id 1897919520
01:05:48 T:205971807   DEBUG: OMXThread::StopThread - Thread stopped
01:05:48 T:205974504   DEBUG: COMXCoreComponent::Deinitialize : OMX.broadcom.clock handle 0x17e41c0
